0 info it worked if it ends with ok
1 verbose cli [ 'node', '/usr/local/bin/npm', 'install', '-g', 'mocha' ]
2 info using npm@1.4.9
3 info using node@v0.10.26
4 verbose node symlink /usr/local/bin/node
5 verbose cache add [ 'mocha', null ]
6 verbose cache add name=undefined spec="mocha" args=["mocha",null]
7 verbose parsed url { protocol: null,
7 verbose parsed url   slashes: null,
7 verbose parsed url   auth: null,
7 verbose parsed url   host: null,
7 verbose parsed url   port: null,
7 verbose parsed url   hostname: null,
7 verbose parsed url   hash: null,
7 verbose parsed url   search: null,
7 verbose parsed url   query: null,
7 verbose parsed url   pathname: 'mocha',
7 verbose parsed url   path: 'mocha',
7 verbose parsed url   href: 'mocha' }
8 silly lockFile a619da43-mocha mocha
9 verbose lock mocha /Users/matsui/.npm/a619da43-mocha.lock
10 silly lockFile a619da43-mocha mocha
11 silly lockFile a619da43-mocha mocha
12 verbose addNamed [ 'mocha', '' ]
13 verbose addNamed [ null, '*' ]
14 silly lockFile b9899f31-mocha mocha@
15 verbose lock mocha@ /Users/matsui/.npm/b9899f31-mocha.lock
16 silly addNameRange { name: 'mocha', range: '*', hasData: false }
17 verbose url raw mocha
18 verbose url resolving [ 'https://registry.npmjs.org/', './mocha' ]
19 verbose url resolved https://registry.npmjs.org/mocha
20 info trying registry request attempt 1 at 12:32:01
21 http GET https://registry.npmjs.org/mocha
22 http 200 https://registry.npmjs.org/mocha
23 silly registry.get cb [ 200,
23 silly registry.get   { date: 'Fri, 30 Jan 2015 03:32:02 GMT',
23 silly registry.get     server: 'CouchDB/1.5.0 (Erlang OTP/R16B03)',
23 silly registry.get     etag: '"EDK1Z8MOR2V4SMT3X5SQYL2P3"',
23 silly registry.get     'content-type': 'application/json',
23 silly registry.get     'cache-control': 'max-age=60',
23 silly registry.get     'content-length': '111558',
23 silly registry.get     'accept-ranges': 'bytes',
23 silly registry.get     via: '1.1 varnish',
23 silly registry.get     age: '46',
23 silly registry.get     'x-served-by': 'cache-ty66-TYO',
23 silly registry.get     'x-cache': 'HIT',
23 silly registry.get     'x-cache-hits': '2',
23 silly registry.get     'x-timer': 'S1422588722.119320,VS0,VE0',
23 silly registry.get     vary: 'Accept',
23 silly registry.get     'keep-alive': 'timeout=10, max=50',
23 silly registry.get     connection: 'Keep-Alive' } ]
24 silly addNameRange number 2 { name: 'mocha', range: '*', hasData: true }
25 silly addNameRange versions [ 'mocha',
25 silly addNameRange   [ '0.0.1-alpha1',
25 silly addNameRange     '0.0.1-alpha2',
25 silly addNameRange     '0.0.1-alpha3',
25 silly addNameRange     '0.0.1-alpha4',
25 silly addNameRange     '0.0.1-alpha5',
25 silly addNameRange     '0.0.1-alpha6',
25 silly addNameRange     '0.0.1',
25 silly addNameRange     '0.0.2',
25 silly addNameRange     '0.0.3',
25 silly addNameRange     '0.0.4',
25 silly addNameRange     '0.0.5',
25 silly addNameRange     '0.0.6',
25 silly addNameRange     '0.0.7',
25 silly addNameRange     '0.0.8',
25 silly addNameRange     '0.1.0',
25 silly addNameRange     '0.2.0',
25 silly addNameRange     '0.3.0',
25 silly addNameRange     '0.3.1',
25 silly addNameRange     '0.3.2',
25 silly addNameRange     '0.3.3',
25 silly addNameRange     '0.3.4',
25 silly addNameRange     '0.3.6',
25 silly addNameRange     '0.4.0',
25 silly addNameRange     '0.5.0',
25 silly addNameRange     '0.6.0',
25 silly addNameRange     '0.7.0',
25 silly addNameRange     '0.7.1',
25 silly addNameRange     '0.8.0',
25 silly addNameRange     '0.8.1',
25 silly addNameRange     '0.9.0',
25 silly addNameRange     '0.10.0',
25 silly addNameRange     '0.10.1',
25 silly addNameRange     '0.10.2',
25 silly addNameRange     '0.11.0',
25 silly addNameRange     '0.12.0',
25 silly addNameRange     '0.12.1',
25 silly addNameRange     '0.13.0',
25 silly addNameRange     '0.14.0',
25 silly addNameRange     '0.14.1',
25 silly addNameRange     '1.0.0',
25 silly addNameRange     '1.0.1',
25 silly addNameRange     '1.0.2',
25 silly addNameRange     '1.0.3',
25 silly addNameRange     '1.1.0',
25 silly addNameRange     '1.2.0',
25 silly addNameRange     '1.2.1',
25 silly addNameRange     '1.2.2',
25 silly addNameRange     '1.3.0',
25 silly addNameRange     '1.3.1',
25 silly addNameRange     '1.3.2',
25 silly addNameRange     '1.4.0',
25 silly addNameRange     '1.4.1',
25 silly addNameRange     '1.4.2',
25 silly addNameRange     '1.4.3',
25 silly addNameRange     '1.5.0',
25 silly addNameRange     '1.6.0',
25 silly addNameRange     '1.7.0',
25 silly addNameRange     '1.7.1',
25 silly addNameRange     '1.7.2',
25 silly addNameRange     '1.7.3',
25 silly addNameRange     '1.7.4',
25 silly addNameRange     '1.8.0',
25 silly addNameRange     '1.8.1',
25 silly addNameRange     '1.8.2',
25 silly addNameRange     '1.9.0',
25 silly addNameRange     '1.10.0',
25 silly addNameRange     '1.11.0',
25 silly addNameRange     '1.12.0',
25 silly addNameRange     '1.12.1',
25 silly addNameRange     '1.13.0',
25 silly addNameRange     '1.14.0',
25 silly addNameRange     '1.15.0',
25 silly addNameRange     '1.15.1',
25 silly addNameRange     '1.16.0',
25 silly addNameRange     '1.16.1',
25 silly addNameRange     '1.16.2',
25 silly addNameRange     '1.17.0',
25 silly addNameRange     '1.17.1',
25 silly addNameRange     '1.18.0',
25 silly addNameRange     '1.18.1',
25 silly addNameRange     '1.18.2',
25 silly addNameRange     '1.19.0',
25 silly addNameRange     '1.20.0',
25 silly addNameRange     '1.20.1',
25 silly addNameRange     '1.21.0',
25 silly addNameRange     '1.21.1',
25 silly addNameRange     '1.21.2',
25 silly addNameRange     '1.21.3',
25 silly addNameRange     '1.21.4',
25 silly addNameRange     '1.21.5',
25 silly addNameRange     '2.0.0',
25 silly addNameRange     '2.0.1',
25 silly addNameRange     '2.1.0' ] ]
26 verbose addNamed [ 'mocha', '2.1.0' ]
27 verbose addNamed [ '2.1.0', '2.1.0' ]
28 silly lockFile f9a4f261-mocha-2-1-0 mocha@2.1.0
29 verbose lock mocha@2.1.0 /Users/matsui/.npm/f9a4f261-mocha-2-1-0.lock
30 silly lockFile ff48524b--npmjs-org-mocha-mocha-2-1-0-tgz https://registry.npmjs.org/mocha/-/mocha-2.1.0.tgz
31 verbose lock https://registry.npmjs.org/mocha/-/mocha-2.1.0.tgz /Users/matsui/.npm/ff48524b--npmjs-org-mocha-mocha-2-1-0-tgz.lock
32 verbose addRemoteTarball [ 'https://registry.npmjs.org/mocha/-/mocha-2.1.0.tgz',
32 verbose addRemoteTarball   '77752fe592fb9092756827af46cd3eae1b83671c' ]
33 info retry fetch attempt 1 at 12:32:01
34 verbose fetch to= /var/folders/9t/v1fv12ld347cdrhm9mbg0jxr0000gn/T/npm-38305-pHBmChS7/1422588721661-0.8747549604158849/tmp.tgz
35 http GET https://registry.npmjs.org/mocha/-/mocha-2.1.0.tgz
36 http 200 https://registry.npmjs.org/mocha/-/mocha-2.1.0.tgz
37 verbose tar unpack /var/folders/9t/v1fv12ld347cdrhm9mbg0jxr0000gn/T/npm-38305-pHBmChS7/1422588721661-0.8747549604158849/tmp.tgz
38 silly lockFile dfb5438a-s-matsui-npm-mocha-2-1-0-package tar:///Users/matsui/.npm/mocha/2.1.0/package
39 verbose lock tar:///Users/matsui/.npm/mocha/2.1.0/package /Users/matsui/.npm/dfb5438a-s-matsui-npm-mocha-2-1-0-package.lock
40 silly lockFile 54eaf811-21661-0-8747549604158849-tmp-tgz tar:///var/folders/9t/v1fv12ld347cdrhm9mbg0jxr0000gn/T/npm-38305-pHBmChS7/1422588721661-0.8747549604158849/tmp.tgz
41 verbose lock tar:///var/folders/9t/v1fv12ld347cdrhm9mbg0jxr0000gn/T/npm-38305-pHBmChS7/1422588721661-0.8747549604158849/tmp.tgz /Users/matsui/.npm/54eaf811-21661-0-8747549604158849-tmp-tgz.lock
42 silly gunzTarPerm modes [ '755', '644' ]
43 silly gunzTarPerm extractEntry package.json
44 silly gunzTarPerm modified mode [ 'package.json', 388, 420 ]
45 silly gunzTarPerm extractEntry README.md
46 silly gunzTarPerm modified mode [ 'README.md', 388, 420 ]
47 silly gunzTarPerm extractEntry LICENSE
48 silly gunzTarPerm modified mode [ 'LICENSE', 388, 420 ]
49 silly gunzTarPerm extractEntry index.js
50 silly gunzTarPerm modified mode [ 'index.js', 388, 420 ]
51 silly gunzTarPerm extractEntry mocha.js
52 silly gunzTarPerm modified mode [ 'mocha.js', 388, 420 ]
53 silly gunzTarPerm extractEntry bin/_mocha
54 silly gunzTarPerm modified mode [ 'bin/_mocha', 453, 485 ]
55 silly gunzTarPerm extractEntry bin/mocha
56 silly gunzTarPerm modified mode [ 'bin/mocha', 453, 485 ]
57 silly gunzTarPerm extractEntry images/error.png
58 silly gunzTarPerm modified mode [ 'images/error.png', 388, 420 ]
59 silly gunzTarPerm extractEntry images/ok.png
60 silly gunzTarPerm modified mode [ 'images/ok.png', 388, 420 ]
61 silly gunzTarPerm extractEntry lib/utils.js
62 silly gunzTarPerm modified mode [ 'lib/utils.js', 388, 420 ]
63 silly gunzTarPerm extractEntry lib/hook.js
64 silly gunzTarPerm modified mode [ 'lib/hook.js', 388, 420 ]
65 silly gunzTarPerm extractEntry lib/mocha.js
66 silly gunzTarPerm modified mode [ 'lib/mocha.js', 388, 420 ]
67 silly gunzTarPerm extractEntry lib/ms.js
68 silly gunzTarPerm modified mode [ 'lib/ms.js', 388, 420 ]
69 silly gunzTarPerm extractEntry lib/context.js
70 silly gunzTarPerm modified mode [ 'lib/context.js', 388, 420 ]
71 silly gunzTarPerm extractEntry lib/runnable.js
72 silly gunzTarPerm modified mode [ 'lib/runnable.js', 388, 420 ]
73 silly gunzTarPerm extractEntry lib/runner.js
74 silly gunzTarPerm modified mode [ 'lib/runner.js', 388, 420 ]
75 silly gunzTarPerm extractEntry lib/suite.js
76 silly gunzTarPerm modified mode [ 'lib/suite.js', 388, 420 ]
77 silly gunzTarPerm extractEntry lib/test.js
78 silly gunzTarPerm modified mode [ 'lib/test.js', 388, 420 ]
79 silly gunzTarPerm extractEntry lib/interfaces/bdd.js
80 silly gunzTarPerm modified mode [ 'lib/interfaces/bdd.js', 388, 420 ]
81 silly gunzTarPerm extractEntry lib/interfaces/exports.js
82 silly gunzTarPerm modified mode [ 'lib/interfaces/exports.js', 388, 420 ]
83 silly gunzTarPerm extractEntry lib/interfaces/index.js
84 silly gunzTarPerm modified mode [ 'lib/interfaces/index.js', 388, 420 ]
85 silly gunzTarPerm extractEntry lib/interfaces/qunit.js
86 silly gunzTarPerm modified mode [ 'lib/interfaces/qunit.js', 388, 420 ]
87 silly gunzTarPerm extractEntry lib/interfaces/tdd.js
88 silly gunzTarPerm modified mode [ 'lib/interfaces/tdd.js', 388, 420 ]
89 silly gunzTarPerm extractEntry lib/template.html
90 silly gunzTarPerm modified mode [ 'lib/template.html', 388, 420 ]
91 silly gunzTarPerm extractEntry lib/browser/debug.js
92 silly gunzTarPerm modified mode [ 'lib/browser/debug.js', 388, 420 ]
93 silly gunzTarPerm extractEntry lib/browser/diff.js
94 silly gunzTarPerm modified mode [ 'lib/browser/diff.js', 388, 420 ]
95 silly gunzTarPerm extractEntry lib/browser/escape-string-regexp.js
96 silly gunzTarPerm modified mode [ 'lib/browser/escape-string-regexp.js', 388, 420 ]
97 silly gunzTarPerm extractEntry lib/browser/events.js
98 silly gunzTarPerm modified mode [ 'lib/browser/events.js', 388, 420 ]
99 silly gunzTarPerm extractEntry lib/browser/fs.js
100 silly gunzTarPerm modified mode [ 'lib/browser/fs.js', 388, 420 ]
101 silly gunzTarPerm extractEntry lib/browser/glob.js
102 silly gunzTarPerm modified mode [ 'lib/browser/glob.js', 388, 420 ]
103 silly gunzTarPerm extractEntry lib/browser/path.js
104 silly gunzTarPerm modified mode [ 'lib/browser/path.js', 388, 420 ]
105 silly gunzTarPerm extractEntry lib/browser/progress.js
106 silly gunzTarPerm modified mode [ 'lib/browser/progress.js', 388, 420 ]
107 silly gunzTarPerm extractEntry lib/browser/tty.js
108 silly gunzTarPerm modified mode [ 'lib/browser/tty.js', 388, 420 ]
109 silly gunzTarPerm extractEntry lib/reporters/base.js
110 silly gunzTarPerm modified mode [ 'lib/reporters/base.js', 388, 420 ]
111 silly gunzTarPerm extractEntry lib/reporters/index.js
112 silly gunzTarPerm modified mode [ 'lib/reporters/index.js', 388, 420 ]
113 silly gunzTarPerm extractEntry lib/reporters/json-cov.js
114 silly gunzTarPerm modified mode [ 'lib/reporters/json-cov.js', 388, 420 ]
115 silly gunzTarPerm extractEntry lib/reporters/json-stream.js
116 silly gunzTarPerm modified mode [ 'lib/reporters/json-stream.js', 388, 420 ]
117 silly gunzTarPerm extractEntry lib/reporters/json.js
118 silly gunzTarPerm modified mode [ 'lib/reporters/json.js', 388, 420 ]
119 silly gunzTarPerm extractEntry lib/reporters/html.js
120 silly gunzTarPerm modified mode [ 'lib/reporters/html.js', 388, 420 ]
121 silly gunzTarPerm extractEntry lib/reporters/list.js
122 silly gunzTarPerm modified mode [ 'lib/reporters/list.js', 388, 420 ]
123 silly gunzTarPerm extractEntry lib/reporters/markdown.js
124 silly gunzTarPerm modified mode [ 'lib/reporters/markdown.js', 388, 420 ]
125 silly gunzTarPerm extractEntry lib/reporters/min.js
126 silly gunzTarPerm modified mode [ 'lib/reporters/min.js', 388, 420 ]
127 silly gunzTarPerm extractEntry lib/reporters/nyan.js
128 silly gunzTarPerm modified mode [ 'lib/reporters/nyan.js', 388, 420 ]
129 silly gunzTarPerm extractEntry lib/reporters/progress.js
130 silly gunzTarPerm modified mode [ 'lib/reporters/progress.js', 388, 420 ]
131 silly gunzTarPerm extractEntry lib/reporters/html-cov.js
132 silly gunzTarPerm modified mode [ 'lib/reporters/html-cov.js', 388, 420 ]
133 silly gunzTarPerm extractEntry lib/reporters/spec.js
134 silly gunzTarPerm modified mode [ 'lib/reporters/spec.js', 388, 420 ]
135 silly gunzTarPerm extractEntry lib/reporters/dot.js
136 silly gunzTarPerm modified mode [ 'lib/reporters/dot.js', 388, 420 ]
137 silly gunzTarPerm extractEntry lib/reporters/tap.js
138 silly gunzTarPerm modified mode [ 'lib/reporters/tap.js', 388, 420 ]
139 silly gunzTarPerm extractEntry lib/reporters/doc.js
140 silly gunzTarPerm modified mode [ 'lib/reporters/doc.js', 388, 420 ]
141 silly gunzTarPerm extractEntry lib/reporters/xunit.js
142 silly gunzTarPerm modified mode [ 'lib/reporters/xunit.js', 388, 420 ]
143 silly gunzTarPerm extractEntry lib/reporters/landing.js
144 silly gunzTarPerm modified mode [ 'lib/reporters/landing.js', 388, 420 ]
145 silly gunzTarPerm extractEntry lib/reporters/templates/coverage.jade
146 silly gunzTarPerm modified mode [ 'lib/reporters/templates/coverage.jade', 388, 420 ]
147 silly gunzTarPerm extractEntry lib/reporters/templates/menu.jade
148 silly gunzTarPerm modified mode [ 'lib/reporters/templates/menu.jade', 388, 420 ]
149 silly gunzTarPerm extractEntry lib/reporters/templates/script.html
150 silly gunzTarPerm modified mode [ 'lib/reporters/templates/script.html', 388, 420 ]
151 silly gunzTarPerm extractEntry lib/reporters/templates/style.html
152 silly gunzTarPerm modified mode [ 'lib/reporters/templates/style.html', 388, 420 ]
153 silly gunzTarPerm extractEntry mocha.css
154 silly gunzTarPerm modified mode [ 'mocha.css', 388, 420 ]
155 silly lockFile dfb5438a-s-matsui-npm-mocha-2-1-0-package tar:///Users/matsui/.npm/mocha/2.1.0/package
156 silly lockFile dfb5438a-s-matsui-npm-mocha-2-1-0-package tar:///Users/matsui/.npm/mocha/2.1.0/package
157 silly lockFile 54eaf811-21661-0-8747549604158849-tmp-tgz tar:///var/folders/9t/v1fv12ld347cdrhm9mbg0jxr0000gn/T/npm-38305-pHBmChS7/1422588721661-0.8747549604158849/tmp.tgz
158 silly lockFile 54eaf811-21661-0-8747549604158849-tmp-tgz tar:///var/folders/9t/v1fv12ld347cdrhm9mbg0jxr0000gn/T/npm-38305-pHBmChS7/1422588721661-0.8747549604158849/tmp.tgz
159 silly lockFile ff48524b--npmjs-org-mocha-mocha-2-1-0-tgz https://registry.npmjs.org/mocha/-/mocha-2.1.0.tgz
160 silly lockFile ff48524b--npmjs-org-mocha-mocha-2-1-0-tgz https://registry.npmjs.org/mocha/-/mocha-2.1.0.tgz
161 silly lockFile f9a4f261-mocha-2-1-0 mocha@2.1.0
162 silly lockFile f9a4f261-mocha-2-1-0 mocha@2.1.0
163 silly lockFile b9899f31-mocha mocha@
164 silly lockFile b9899f31-mocha mocha@
165 silly resolved [ { name: 'mocha',
165 silly resolved     version: '2.1.0',
165 silly resolved     description: 'simple, flexible, fun test framework',
165 silly resolved     keywords: [ 'mocha', 'test', 'bdd', 'tdd', 'tap' ],
165 silly resolved     author: { name: 'TJ Holowaychuk', email: 'tj@vision-media.ca' },
165 silly resolved     contributors:
165 silly resolved      [ [Object],
165 silly resolved        [Object],
165 silly resolved        [Object],
165 silly resolved        [Object],
165 silly resolved        [Object],
165 silly resolved        [Object],
165 silly resolved        [Object],
165 silly resolved        [Object] ],
165 silly resolved     repository: { type: 'git', url: 'git://github.com/mochajs/mocha.git' },
165 silly resolved     maintainers: [ [Object], [Object], [Object] ],
165 silly resolved     main: './index',
165 silly resolved     browser: './mocha.js',
165 silly resolved     bin: { mocha: './bin/mocha', _mocha: './bin/_mocha' },
165 silly resolved     engines: { node: '>= 0.8.x' },
165 silly resolved     scripts: { test: 'make test-all' },
165 silly resolved     dependencies:
165 silly resolved      { commander: '2.3.0',
165 silly resolved        debug: '2.0.0',
165 silly resolved        diff: '1.0.8',
165 silly resolved        'escape-string-regexp': '1.0.2',
165 silly resolved        glob: '3.2.3',
165 silly resolved        growl: '1.8.1',
165 silly resolved        jade: '0.26.3',
165 silly resolved        mkdirp: '0.5.0' },
165 silly resolved     devDependencies: { 'coffee-script': '~1.8.0', should: '~4.0.0' },
165 silly resolved     files:
165 silly resolved      [ 'bin',
165 silly resolved        'images',
165 silly resolved        'lib',
165 silly resolved        'index.js',
165 silly resolved        'mocha.css',
165 silly resolved        'mocha.js',
165 silly resolved        'LICENSE' ],
165 silly resolved     licenses: [ [Object] ],
165 silly resolved     readme: ' [![Build Status](https://secure.travis-ci.org/mochajs/mocha.png)](http://travis-ci.org/mochajs/mocha)\n\n  [![Mocha test framework](http://f.cl.ly/items/3l1k0n2A1U3M1I1L210p/Screen%20Shot%202012-02-24%20at%202.21.43%20PM.png)](http://mochajs.org)\n\n  Mocha is a simple, flexible, fun JavaScript test framework for node.js and the browser. For more information view the [documentation](http://mochajs.org).\n\n## Contributors\n\n```\n project  : mocha\n repo age : 3 years, 4 months\n active   : 509 days\n commits  : 1575\n files    : 153\n authors  :\n   977\tTJ Holowaychuk          62.0%\n   132\tTravis Jeffery          8.4%\n    63\tChristopher Hiller      4.0%\n    31\tGuillermo Rauch         2.0%\n    27\tJoshua Appelman         1.7%\n    13\tAttila Domokos          0.8%\n    10\tJohn Firebaugh          0.6%\n     8\tNathan Rajlich          0.5%\n     8\tJo Liss                 0.5%\n     6\tMike Pennisi            0.4%\n     6\tBrendan Nee             0.4%\n     6\tJames Carr              0.4%\n     5\tAaron Heckmann          0.3%\n     5\tRaynos                  0.3%\n     5\tRyunosuke SATO          0.3%\n     4\thokaccha                0.3%\n     4\tJonathan Ong            0.3%\n     4\tJoshua Krall            0.3%\n     4\tDomenic Denicola        0.3%\n     4\tForbes Lindesay         0.3%\n     4\tXavier Antoviaque       0.3%\n     4\tDavid da Silva          0.3%\n     3\tAriel Mashraki          0.2%\n     3\tBen Bradley             0.2%\n     3\tMerrick Christensen     0.2%\n     3\tAndreas Lind Petersen   0.2%\n     3\tNathan Bowser           0.2%\n     3\tCory Thomas             0.2%\n     3\tBenjie Gillam           0.2%\n     3\tWil Moore III           0.2%\n     3\tBen Lindsey             0.2%\n     3\tTyson Tate              0.2%\n     3\tPaul Miller             0.2%\n     3\teiji.ienaga             0.2%\n     3\tMathieu Desvé           0.2%\n     3\tJesse Dailey            0.2%\n     3\tfool2fish               0.2%\n     3\tFredrik Enestad         0.2%\n     3\tSindre Sorhus           0.2%\n     3\tValentin Agachi         0.2%\n     2\tjsdevel                 0.1%\n     2\tArian Stolwijk          0.1%\n     2\tJuzer Ali               0.1%\n     2\tDavid Henderson         0.1%\n     2\tJustin DuJardin         0.1%\n     2\tPaul Armstrong          0.1%\n     2\tPete Hawkins            0.1%\n     2\tJonas Westerlund        0.1%\n     2\tQuang Van               0.1%\n     2\tSimon Gaeremynck        0.1%\n     2\ttravis jeffery          0.1%\n     2\tDominique Quatravaux    0.1%\n     2\tJacob Wejendorp         0.1%\n     2\tShawn Krisman           0.1%\n     2\tFARKAS Máté             0.1%\n     2\tKonstantin Käfer        0.1%\n     2\tTimo Tijhof             0.1%\n     2\tSean Lang               0.1%\n     2\tQuanlong He             0.1%\n     2\tGlen Mailer             0.1%\n     2\tAlexander Early         0.1%\n     2\tIan Storm Taylor        0.1%\n     2\tBrian Beck              0.1%\n     2\tMichael Riley           0.1%\n     2\tMichael Schoonmaker     0.1%\n     2\tdomenic                 0.1%\n     2\tfcrisci                 0.1%\n     2\tBuck Doyle              0.1%\n     2\tNathan Alderson         0.1%\n     1\tMal Graty               0.1%\n     1\tMarc Kuo                0.1%\n     1\tMatija Marohnić         0.1%\n     1\tMatt Robenolt           0.1%\n     1\tMatt Smith              0.1%\n     1\tMatthew Shanley         0.1%\n     1\tMattias Tidlund         0.1%\n     1\tMichael Jackson         0.1%\n     1\tMichael Olson           0.1%\n     1\tMichal Charemza         0.1%\n     1\tNathan Black            0.1%\n     1\tNick Fitzgerald         0.1%\n     1\tNoshir Patel            0.1%\n     1\tPanu Horsmalahti        0.1%\n     1\tPhil Sung               0.1%\n     1\tR56                     0.1%\n     1\tRefael Ackermann        0.1%\n     1\tRichard Dingwall        0.1%\n     1\tRichard Knop            0.1%\n     1\tRob Wu                  0.1%\n     1\tRomain Prieto           0.1%\n     1\tRoman Neuhauser         0.1%\n     1\tRoman Shtylman          0.1%\n     1\tRuss Bradberry          0.1%\n     1\tRussell Munson          0.1%\n     1\tRustem Mustafin         0.1%\n     1\tSalehen Shovon Rahman   0.1%\n     1\tSasha Koss              0.1%\n     1\tSeiya Konno             0.1%\n     1\tShaine Hatch            0.1%\n     1\tSimon Goumaz            0.1%\n     1\tStanda Opichal          0.1%\n     1\tStephen Mathieson       0.1%\n     1\tSteve Mason             0.1%\n     1\tTapiwa Kelvin           0.1%\n     1\tTeddy Zeenny            0.1%\n     1\tTim Ehat                0.1%\n     1\tVadim Nikitin           0.1%\n     1\tVictor Costan           0.1%\n     1\tWill Langstroth         0.1%\n     1\tYanis Wang              0.1%\n     1\tYuest Wang              0.1%\n     1\tZsolt Takács            0.1%\n     1\tabrkn                   0.1%\n     1\tairportyh               0.1%\n     1\tbadunk                  0.1%\n     1\tclaudyus                0.1%\n     1\tdasilvacontin           0.1%\n     1\tfengmk2                 0.1%\n     1\tgaye                    0.1%\n     1\tgrasGendarme            0.1%\n     1\tlakmeer                 0.1%\n     1\tlodr                    0.1%\n     1\tmrShturman              0.1%\n     1\tnishigori               0.1%\n     1\tomardelarosa            0.1%\n     1\tqiuzuhui                0.1%\n     1\tsamuel goldszmidt       0.1%\n     1\tsebv                    0.1%\n     1\tstartswithaj            0.1%\n     1\ttgautier@yahoo.com      0.1%\n     1\ttraleig1                0.1%\n     1\tvlad                    0.1%\n     1\tyuitest                 0.1%\n     1\tzhiyelee                0.1%\n     1\tAdam Crabtree           0.1%\n     1\tAndreas Brekken         0.1%\n     1\tAndrew Nesbitt          0.1%\n     1\tAndrey Popp             0.1%\n     1\tArnaud Brousseau        0.1%\n     1\tAtsuya Takagi           0.1%\n     1\tAustin Birch            0.1%\n     1\tBen Noordhuis           0.1%\n     1\tBjørge Næss             0.1%\n     1\tBrian Lalor             0.1%\n     1\tBrian M. Carlson        0.1%\n     1\tBrian Moore             0.1%\n     1\tBryan Donovan           0.1%\n     1\tC. Scott Ananian        0.1%\n     1\tCasey Foster            0.1%\n     1\tChrisWren               0.1%\n     1\tConnor Dunn             0.1%\n     1\tCorey Butler            0.1%\n     1\tDaniel Stockman         0.1%\n     1\tDave McKenna            0.1%\n     1\tDenis Bardadym          0.1%\n     1\tDevin Weaver            0.1%\n     1\tDi Wu                   0.1%\n     1\tDiogo Monteiro          0.1%\n     1\tDmitry Shirokov         0.1%\n     1\tDr. Travis Jeffery      0.1%\n     1\tFedor Indutny           0.1%\n     1\tFlorian Margaine        0.1%\n     1\tFrederico Silva         0.1%\n     1\tFredrik Lindin          0.1%\n     1\tGareth Aye              0.1%\n     1\tGareth Murphy           0.1%\n     1\tGavin Mogan             0.1%\n     1\tGiovanni Bassi          0.1%\n     1\tGlen Huang              0.1%\n     1\tGreg Perkins            0.1%\n     1\tHarish                  0.1%\n     1\tHarry Brundage          0.1%\n     1\tHerman Junge            0.1%\n     1\tIan Young               0.1%\n     1\tIvan                    0.1%\n     1\tJP Bochi                0.1%\n     1\tJaakko Salonen          0.1%\n     1\tJakub Nešetřil          0.1%\n     1\tJames Bowes             0.1%\n     1\tJames Lal               0.1%\n     1\tJan Kopriva             0.1%\n     1\tJason Barry             0.1%\n     1\tJavier Aranda           0.1%\n     1\tJean Ponchon            0.1%\n     1\tJeff Kunkle             0.1%\n     1\tJeremy Martin           0.1%\n     1\tJimmy Cuadra            0.1%\n     1\tJohn Doty               0.1%\n     1\tJonathan Creamer        0.1%\n     1\tJonathan Park           0.1%\n     1\tJussi Virtanen          0.1%\n     1\tKatie Gengler           0.1%\n     1\tKazuhito Hokamura       0.1%\n     1\tKent C. Dodds           0.1%\n     1\tKevin Conway            0.1%\n     1\tKirill Korolyov         0.1%\n     1\tKoen Punt               0.1%\n     1\tLaszlo Bacsi            0.1%\n     1\tLiam Newman             0.1%\n     1\tLinus Unnebäck          0.1%\n     1\tLászló Bácsi            0.1%\n     1\tMaciej Małecki          0.1%\n```\n\n## Links\n\n  - [Google Group](http://groups.google.com/group/mochajs)\n  - [Wiki](https://github.com/mochajs/mocha/wiki)\n  - Mocha [Extensions and reporters](https://github.com/mochajs/mocha/wiki)\n\nMocha also has a chat room on [Slack](https://slack.com). If you\'d like to join, [shoot us an email](mailto:tj@travisjeffery.com?subject=mocha%20slack%20room%20invite) from the address you want us to invite you under and we\'ll happily send you an invite!\n',
165 silly resolved     readmeFilename: 'README.md',
165 silly resolved     bugs: { url: 'https://github.com/mochajs/mocha/issues' },
165 silly resolved     homepage: 'https://github.com/mochajs/mocha',
165 silly resolved     _id: 'mocha@2.1.0',
165 silly resolved     _shasum: '77752fe592fb9092756827af46cd3eae1b83671c',
165 silly resolved     _from: 'mocha@',
165 silly resolved     _resolved: 'https://registry.npmjs.org/mocha/-/mocha-2.1.0.tgz' } ]
166 info install mocha@2.1.0 into /usr/local/lib
167 info installOne mocha@2.1.0
168 info /usr/local/lib/node_modules/mocha unbuild
169 verbose tar unpack /Users/matsui/.npm/mocha/2.1.0/package.tgz
170 silly lockFile 746f3f6f-usr-local-lib-node-modules-mocha tar:///usr/local/lib/node_modules/mocha
171 verbose lock tar:///usr/local/lib/node_modules/mocha /Users/matsui/.npm/746f3f6f-usr-local-lib-node-modules-mocha.lock
172 silly lockFile 142ed0b4-tsui-npm-mocha-2-1-0-package-tgz tar:///Users/matsui/.npm/mocha/2.1.0/package.tgz
173 verbose lock tar:///Users/matsui/.npm/mocha/2.1.0/package.tgz /Users/matsui/.npm/142ed0b4-tsui-npm-mocha-2-1-0-package-tgz.lock
174 silly gunzTarPerm modes [ '755', '644' ]
175 silly gunzTarPerm extractEntry package.json
176 silly gunzTarPerm modified mode [ 'package.json', 388, 420 ]
177 silly gunzTarPerm extractEntry README.md
178 silly gunzTarPerm modified mode [ 'README.md', 388, 420 ]
179 silly gunzTarPerm extractEntry LICENSE
180 silly gunzTarPerm modified mode [ 'LICENSE', 388, 420 ]
181 silly gunzTarPerm extractEntry index.js
182 silly gunzTarPerm modified mode [ 'index.js', 388, 420 ]
183 silly gunzTarPerm extractEntry mocha.js
184 silly gunzTarPerm modified mode [ 'mocha.js', 388, 420 ]
185 silly gunzTarPerm extractEntry bin/_mocha
186 silly gunzTarPerm modified mode [ 'bin/_mocha', 453, 485 ]
187 silly gunzTarPerm extractEntry bin/mocha
188 silly gunzTarPerm modified mode [ 'bin/mocha', 453, 485 ]
189 silly gunzTarPerm extractEntry images/error.png
190 silly gunzTarPerm modified mode [ 'images/error.png', 388, 420 ]
191 silly gunzTarPerm extractEntry images/ok.png
192 silly gunzTarPerm modified mode [ 'images/ok.png', 388, 420 ]
193 silly gunzTarPerm extractEntry lib/utils.js
194 silly gunzTarPerm modified mode [ 'lib/utils.js', 388, 420 ]
195 silly gunzTarPerm extractEntry lib/hook.js
196 silly gunzTarPerm modified mode [ 'lib/hook.js', 388, 420 ]
197 silly gunzTarPerm extractEntry lib/mocha.js
198 silly gunzTarPerm modified mode [ 'lib/mocha.js', 388, 420 ]
199 silly gunzTarPerm extractEntry lib/ms.js
200 silly gunzTarPerm modified mode [ 'lib/ms.js', 388, 420 ]
201 silly gunzTarPerm extractEntry lib/context.js
202 silly gunzTarPerm modified mode [ 'lib/context.js', 388, 420 ]
203 silly gunzTarPerm extractEntry lib/runnable.js
204 silly gunzTarPerm modified mode [ 'lib/runnable.js', 388, 420 ]
205 silly gunzTarPerm extractEntry lib/runner.js
206 silly gunzTarPerm modified mode [ 'lib/runner.js', 388, 420 ]
207 silly gunzTarPerm extractEntry lib/suite.js
208 silly gunzTarPerm modified mode [ 'lib/suite.js', 388, 420 ]
209 silly gunzTarPerm extractEntry lib/test.js
210 silly gunzTarPerm modified mode [ 'lib/test.js', 388, 420 ]
211 silly gunzTarPerm extractEntry lib/interfaces/bdd.js
212 silly gunzTarPerm modified mode [ 'lib/interfaces/bdd.js', 388, 420 ]
213 silly gunzTarPerm extractEntry lib/interfaces/exports.js
214 silly gunzTarPerm modified mode [ 'lib/interfaces/exports.js', 388, 420 ]
215 silly gunzTarPerm extractEntry lib/interfaces/index.js
216 silly gunzTarPerm modified mode [ 'lib/interfaces/index.js', 388, 420 ]
217 silly gunzTarPerm extractEntry lib/interfaces/qunit.js
218 silly gunzTarPerm modified mode [ 'lib/interfaces/qunit.js', 388, 420 ]
219 silly gunzTarPerm extractEntry lib/interfaces/tdd.js
220 silly gunzTarPerm modified mode [ 'lib/interfaces/tdd.js', 388, 420 ]
221 silly gunzTarPerm extractEntry lib/template.html
222 silly gunzTarPerm modified mode [ 'lib/template.html', 388, 420 ]
223 silly gunzTarPerm extractEntry lib/browser/debug.js
224 silly gunzTarPerm modified mode [ 'lib/browser/debug.js', 388, 420 ]
225 silly gunzTarPerm extractEntry lib/browser/diff.js
226 silly gunzTarPerm modified mode [ 'lib/browser/diff.js', 388, 420 ]
227 silly gunzTarPerm extractEntry lib/browser/escape-string-regexp.js
228 silly gunzTarPerm modified mode [ 'lib/browser/escape-string-regexp.js', 388, 420 ]
229 silly gunzTarPerm extractEntry lib/browser/events.js
230 silly gunzTarPerm modified mode [ 'lib/browser/events.js', 388, 420 ]
231 silly gunzTarPerm extractEntry lib/browser/fs.js
232 silly gunzTarPerm modified mode [ 'lib/browser/fs.js', 388, 420 ]
233 silly gunzTarPerm extractEntry lib/browser/glob.js
234 silly gunzTarPerm modified mode [ 'lib/browser/glob.js', 388, 420 ]
235 silly gunzTarPerm extractEntry lib/browser/path.js
236 silly gunzTarPerm modified mode [ 'lib/browser/path.js', 388, 420 ]
237 silly gunzTarPerm extractEntry lib/browser/progress.js
238 silly gunzTarPerm modified mode [ 'lib/browser/progress.js', 388, 420 ]
239 silly gunzTarPerm extractEntry lib/browser/tty.js
240 silly gunzTarPerm modified mode [ 'lib/browser/tty.js', 388, 420 ]
241 silly gunzTarPerm extractEntry lib/reporters/base.js
242 silly gunzTarPerm modified mode [ 'lib/reporters/base.js', 388, 420 ]
243 silly gunzTarPerm extractEntry lib/reporters/index.js
244 silly gunzTarPerm modified mode [ 'lib/reporters/index.js', 388, 420 ]
245 silly gunzTarPerm extractEntry lib/reporters/json-cov.js
246 silly gunzTarPerm modified mode [ 'lib/reporters/json-cov.js', 388, 420 ]
247 silly gunzTarPerm extractEntry lib/reporters/json-stream.js
248 silly gunzTarPerm modified mode [ 'lib/reporters/json-stream.js', 388, 420 ]
249 silly gunzTarPerm extractEntry lib/reporters/json.js
250 silly gunzTarPerm modified mode [ 'lib/reporters/json.js', 388, 420 ]
251 silly gunzTarPerm extractEntry lib/reporters/html.js
252 silly gunzTarPerm modified mode [ 'lib/reporters/html.js', 388, 420 ]
253 silly gunzTarPerm extractEntry lib/reporters/list.js
254 silly gunzTarPerm modified mode [ 'lib/reporters/list.js', 388, 420 ]
255 silly gunzTarPerm extractEntry lib/reporters/markdown.js
256 silly gunzTarPerm modified mode [ 'lib/reporters/markdown.js', 388, 420 ]
257 silly gunzTarPerm extractEntry lib/reporters/min.js
258 silly gunzTarPerm modified mode [ 'lib/reporters/min.js', 388, 420 ]
259 silly gunzTarPerm extractEntry lib/reporters/nyan.js
260 silly gunzTarPerm modified mode [ 'lib/reporters/nyan.js', 388, 420 ]
261 silly gunzTarPerm extractEntry lib/reporters/progress.js
262 silly gunzTarPerm modified mode [ 'lib/reporters/progress.js', 388, 420 ]
263 silly gunzTarPerm extractEntry lib/reporters/html-cov.js
264 silly gunzTarPerm modified mode [ 'lib/reporters/html-cov.js', 388, 420 ]
265 silly gunzTarPerm extractEntry lib/reporters/spec.js
266 silly gunzTarPerm modified mode [ 'lib/reporters/spec.js', 388, 420 ]
267 silly gunzTarPerm extractEntry lib/reporters/dot.js
268 silly gunzTarPerm modified mode [ 'lib/reporters/dot.js', 388, 420 ]
269 silly gunzTarPerm extractEntry lib/reporters/tap.js
270 silly gunzTarPerm modified mode [ 'lib/reporters/tap.js', 388, 420 ]
271 silly gunzTarPerm extractEntry lib/reporters/doc.js
272 silly gunzTarPerm modified mode [ 'lib/reporters/doc.js', 388, 420 ]
273 silly gunzTarPerm extractEntry lib/reporters/xunit.js
274 silly gunzTarPerm modified mode [ 'lib/reporters/xunit.js', 388, 420 ]
275 silly gunzTarPerm extractEntry lib/reporters/landing.js
276 silly gunzTarPerm modified mode [ 'lib/reporters/landing.js', 388, 420 ]
277 silly gunzTarPerm extractEntry lib/reporters/templates/coverage.jade
278 silly gunzTarPerm modified mode [ 'lib/reporters/templates/coverage.jade', 388, 420 ]
279 silly gunzTarPerm extractEntry lib/reporters/templates/menu.jade
280 silly gunzTarPerm modified mode [ 'lib/reporters/templates/menu.jade', 388, 420 ]
281 silly gunzTarPerm extractEntry lib/reporters/templates/script.html
282 silly gunzTarPerm modified mode [ 'lib/reporters/templates/script.html', 388, 420 ]
283 silly gunzTarPerm extractEntry lib/reporters/templates/style.html
284 silly gunzTarPerm modified mode [ 'lib/reporters/templates/style.html', 388, 420 ]
285 silly gunzTarPerm extractEntry mocha.css
286 silly gunzTarPerm modified mode [ 'mocha.css', 388, 420 ]
287 silly lockFile 746f3f6f-usr-local-lib-node-modules-mocha tar:///usr/local/lib/node_modules/mocha
288 silly lockFile 746f3f6f-usr-local-lib-node-modules-mocha tar:///usr/local/lib/node_modules/mocha
289 silly lockFile 142ed0b4-tsui-npm-mocha-2-1-0-package-tgz tar:///Users/matsui/.npm/mocha/2.1.0/package.tgz
290 silly lockFile 142ed0b4-tsui-npm-mocha-2-1-0-package-tgz tar:///Users/matsui/.npm/mocha/2.1.0/package.tgz
291 info preinstall mocha@2.1.0
292 verbose readDependencies using package.json deps
293 verbose readDependencies using package.json deps
294 verbose cache add [ 'commander@2.3.0', null ]
295 verbose cache add name=undefined spec="commander@2.3.0" args=["commander@2.3.0",null]
296 verbose parsed url { protocol: null,
296 verbose parsed url   slashes: null,
296 verbose parsed url   auth: null,
296 verbose parsed url   host: null,
296 verbose parsed url   port: null,
296 verbose parsed url   hostname: null,
296 verbose parsed url   hash: null,
296 verbose parsed url   search: null,
296 verbose parsed url   query: null,
296 verbose parsed url   pathname: 'commander@2.3.0',
296 verbose parsed url   path: 'commander@2.3.0',
296 verbose parsed url   href: 'commander@2.3.0' }
297 verbose cache add name="commander" spec="2.3.0" args=["commander","2.3.0"]
298 verbose parsed url { protocol: null,
298 verbose parsed url   slashes: null,
298 verbose parsed url   auth: null,
298 verbose parsed url   host: null,
298 verbose parsed url   port: null,
298 verbose parsed url   hostname: null,
298 verbose parsed url   hash: null,
298 verbose parsed url   search: null,
298 verbose parsed url   query: null,
298 verbose parsed url   pathname: '2.3.0',
298 verbose parsed url   path: '2.3.0',
298 verbose parsed url   href: '2.3.0' }
299 verbose addNamed [ 'commander', '2.3.0' ]
300 verbose addNamed [ '2.3.0', '2.3.0' ]
301 silly lockFile 14f83df2-commander-2-3-0 commander@2.3.0
302 verbose lock commander@2.3.0 /Users/matsui/.npm/14f83df2-commander-2-3-0.lock
303 verbose cache add [ 'debug@2.0.0', null ]
304 verbose cache add name=undefined spec="debug@2.0.0" args=["debug@2.0.0",null]
305 verbose parsed url { protocol: null,
305 verbose parsed url   slashes: null,
305 verbose parsed url   auth: null,
305 verbose parsed url   host: null,
305 verbose parsed url   port: null,
305 verbose parsed url   hostname: null,
305 verbose parsed url   hash: null,
305 verbose parsed url   search: null,
305 verbose parsed url   query: null,
305 verbose parsed url   pathname: 'debug@2.0.0',
305 verbose parsed url   path: 'debug@2.0.0',
305 verbose parsed url   href: 'debug@2.0.0' }
306 verbose cache add name="debug" spec="2.0.0" args=["debug","2.0.0"]
307 verbose parsed url { protocol: null,
307 verbose parsed url   slashes: null,
307 verbose parsed url   auth: null,
307 verbose parsed url   host: null,
307 verbose parsed url   port: null,
307 verbose parsed url   hostname: null,
307 verbose parsed url   hash: null,
307 verbose parsed url   search: null,
307 verbose parsed url   query: null,
307 verbose parsed url   pathname: '2.0.0',
307 verbose parsed url   path: '2.0.0',
307 verbose parsed url   href: '2.0.0' }
308 verbose addNamed [ 'debug', '2.0.0' ]
309 verbose addNamed [ '2.0.0', '2.0.0' ]
310 silly lockFile 095bd820-debug-2-0-0 debug@2.0.0
311 verbose lock debug@2.0.0 /Users/matsui/.npm/095bd820-debug-2-0-0.lock
312 verbose cache add [ 'escape-string-regexp@1.0.2', null ]
313 verbose cache add name=undefined spec="escape-string-regexp@1.0.2" args=["escape-string-regexp@1.0.2",null]
314 verbose parsed url { protocol: null,
314 verbose parsed url   slashes: null,
314 verbose parsed url   auth: null,
314 verbose parsed url   host: null,
314 verbose parsed url   port: null,
314 verbose parsed url   hostname: null,
314 verbose parsed url   hash: null,
314 verbose parsed url   search: null,
314 verbose parsed url   query: null,
314 verbose parsed url   pathname: 'escape-string-regexp@1.0.2',
314 verbose parsed url   path: 'escape-string-regexp@1.0.2',
314 verbose parsed url   href: 'escape-string-regexp@1.0.2' }
315 verbose cache add name="escape-string-regexp" spec="1.0.2" args=["escape-string-regexp","1.0.2"]
316 verbose parsed url { protocol: null,
316 verbose parsed url   slashes: null,
316 verbose parsed url   auth: null,
316 verbose parsed url   host: null,
316 verbose parsed url   port: null,
316 verbose parsed url   hostname: null,
316 verbose parsed url   hash: null,
316 verbose parsed url   search: null,
316 verbose parsed url   query: null,
316 verbose parsed url   pathname: '1.0.2',
316 verbose parsed url   path: '1.0.2',
316 verbose parsed url   href: '1.0.2' }
317 verbose addNamed [ 'escape-string-regexp', '1.0.2' ]
318 verbose addNamed [ '1.0.2', '1.0.2' ]
319 silly lockFile 963ee3e8-escape-string-regexp-1-0-2 escape-string-regexp@1.0.2
320 verbose lock escape-string-regexp@1.0.2 /Users/matsui/.npm/963ee3e8-escape-string-regexp-1-0-2.lock
321 verbose cache add [ 'diff@1.0.8', null ]
322 verbose cache add name=undefined spec="diff@1.0.8" args=["diff@1.0.8",null]
323 verbose parsed url { protocol: null,
323 verbose parsed url   slashes: null,
323 verbose parsed url   auth: null,
323 verbose parsed url   host: null,
323 verbose parsed url   port: null,
323 verbose parsed url   hostname: null,
323 verbose parsed url   hash: null,
323 verbose parsed url   search: null,
323 verbose parsed url   query: null,
323 verbose parsed url   pathname: 'diff@1.0.8',
323 verbose parsed url   path: 'diff@1.0.8',
323 verbose parsed url   href: 'diff@1.0.8' }
324 verbose cache add name="diff" spec="1.0.8" args=["diff","1.0.8"]
325 verbose parsed url { protocol: null,
325 verbose parsed url   slashes: null,
325 verbose parsed url   auth: null,
325 verbose parsed url   host: null,
325 verbose parsed url   port: null,
325 verbose parsed url   hostname: null,
325 verbose parsed url   hash: null,
325 verbose parsed url   search: null,
325 verbose parsed url   query: null,
325 verbose parsed url   pathname: '1.0.8',
325 verbose parsed url   path: '1.0.8',
325 verbose parsed url   href: '1.0.8' }
326 verbose addNamed [ 'diff', '1.0.8' ]
327 verbose addNamed [ '1.0.8', '1.0.8' ]
328 silly lockFile 2c973233-diff-1-0-8 diff@1.0.8
329 verbose lock diff@1.0.8 /Users/matsui/.npm/2c973233-diff-1-0-8.lock
330 verbose cache add [ 'glob@3.2.3', null ]
331 verbose cache add name=undefined spec="glob@3.2.3" args=["glob@3.2.3",null]
332 verbose parsed url { protocol: null,
332 verbose parsed url   slashes: null,
332 verbose parsed url   auth: null,
332 verbose parsed url   host: null,
332 verbose parsed url   port: null,
332 verbose parsed url   hostname: null,
332 verbose parsed url   hash: null,
332 verbose parsed url   search: null,
332 verbose parsed url   query: null,
332 verbose parsed url   pathname: 'glob@3.2.3',
332 verbose parsed url   path: 'glob@3.2.3',
332 verbose parsed url   href: 'glob@3.2.3' }
333 verbose cache add name="glob" spec="3.2.3" args=["glob","3.2.3"]
334 verbose parsed url { protocol: null,
334 verbose parsed url   slashes: null,
334 verbose parsed url   auth: null,
334 verbose parsed url   host: null,
334 verbose parsed url   port: null,
334 verbose parsed url   hostname: null,
334 verbose parsed url   hash: null,
334 verbose parsed url   search: null,
334 verbose parsed url   query: null,
334 verbose parsed url   pathname: '3.2.3',
334 verbose parsed url   path: '3.2.3',
334 verbose parsed url   href: '3.2.3' }
335 verbose addNamed [ 'glob', '3.2.3' ]
336 verbose addNamed [ '3.2.3', '3.2.3' ]
337 silly lockFile 7fc225c9-glob-3-2-3 glob@3.2.3
338 verbose lock glob@3.2.3 /Users/matsui/.npm/7fc225c9-glob-3-2-3.lock
339 verbose cache add [ 'growl@1.8.1', null ]
340 verbose cache add name=undefined spec="growl@1.8.1" args=["growl@1.8.1",null]
341 verbose parsed url { protocol: null,
341 verbose parsed url   slashes: null,
341 verbose parsed url   auth: null,
341 verbose parsed url   host: null,
341 verbose parsed url   port: null,
341 verbose parsed url   hostname: null,
341 verbose parsed url   hash: null,
341 verbose parsed url   search: null,
341 verbose parsed url   query: null,
341 verbose parsed url   pathname: 'growl@1.8.1',
341 verbose parsed url   path: 'growl@1.8.1',
341 verbose parsed url   href: 'growl@1.8.1' }
342 verbose cache add name="growl" spec="1.8.1" args=["growl","1.8.1"]
343 verbose parsed url { protocol: null,
343 verbose parsed url   slashes: null,
343 verbose parsed url   auth: null,
343 verbose parsed url   host: null,
343 verbose parsed url   port: null,
343 verbose parsed url   hostname: null,
343 verbose parsed url   hash: null,
343 verbose parsed url   search: null,
343 verbose parsed url   query: null,
343 verbose parsed url   pathname: '1.8.1',
343 verbose parsed url   path: '1.8.1',
343 verbose parsed url   href: '1.8.1' }
344 verbose addNamed [ 'growl', '1.8.1' ]
345 verbose addNamed [ '1.8.1', '1.8.1' ]
346 silly lockFile 76096383-growl-1-8-1 growl@1.8.1
347 verbose lock growl@1.8.1 /Users/matsui/.npm/76096383-growl-1-8-1.lock
348 verbose cache add [ 'jade@0.26.3', null ]
349 verbose cache add name=undefined spec="jade@0.26.3" args=["jade@0.26.3",null]
350 verbose parsed url { protocol: null,
350 verbose parsed url   slashes: null,
350 verbose parsed url   auth: null,
350 verbose parsed url   host: null,
350 verbose parsed url   port: null,
350 verbose parsed url   hostname: null,
350 verbose parsed url   hash: null,
350 verbose parsed url   search: null,
350 verbose parsed url   query: null,
350 verbose parsed url   pathname: 'jade@0.26.3',
350 verbose parsed url   path: 'jade@0.26.3',
350 verbose parsed url   href: 'jade@0.26.3' }
351 verbose cache add name="jade" spec="0.26.3" args=["jade","0.26.3"]
352 verbose parsed url { protocol: null,
352 verbose parsed url   slashes: null,
352 verbose parsed url   auth: null,
352 verbose parsed url   host: null,
352 verbose parsed url   port: null,
352 verbose parsed url   hostname: null,
352 verbose parsed url   hash: null,
352 verbose parsed url   search: null,
352 verbose parsed url   query: null,
352 verbose parsed url   pathname: '0.26.3',
352 verbose parsed url   path: '0.26.3',
352 verbose parsed url   href: '0.26.3' }
353 verbose addNamed [ 'jade', '0.26.3' ]
354 verbose addNamed [ '0.26.3', '0.26.3' ]
355 silly lockFile 7a3d3ea7-jade-0-26-3 jade@0.26.3
356 verbose lock jade@0.26.3 /Users/matsui/.npm/7a3d3ea7-jade-0-26-3.lock
357 verbose cache add [ 'mkdirp@0.5.0', null ]
358 verbose cache add name=undefined spec="mkdirp@0.5.0" args=["mkdirp@0.5.0",null]
359 verbose parsed url { protocol: null,
359 verbose parsed url   slashes: null,
359 verbose parsed url   auth: null,
359 verbose parsed url   host: null,
359 verbose parsed url   port: null,
359 verbose parsed url   hostname: null,
359 verbose parsed url   hash: null,
359 verbose parsed url   search: null,
359 verbose parsed url   query: null,
359 verbose parsed url   pathname: 'mkdirp@0.5.0',
359 verbose parsed url   path: 'mkdirp@0.5.0',
359 verbose parsed url   href: 'mkdirp@0.5.0' }
360 verbose cache add name="mkdirp" spec="0.5.0" args=["mkdirp","0.5.0"]
361 verbose parsed url { protocol: null,
361 verbose parsed url   slashes: null,
361 verbose parsed url   auth: null,
361 verbose parsed url   host: null,
361 verbose parsed url   port: null,
361 verbose parsed url   hostname: null,
361 verbose parsed url   hash: null,
361 verbose parsed url   search: null,
361 verbose parsed url   query: null,
361 verbose parsed url   pathname: '0.5.0',
361 verbose parsed url   path: '0.5.0',
361 verbose parsed url   href: '0.5.0' }
362 verbose addNamed [ 'mkdirp', '0.5.0' ]
363 verbose addNamed [ '0.5.0', '0.5.0' ]
364 silly lockFile bf9ae38d-mkdirp-0-5-0 mkdirp@0.5.0
365 verbose lock mkdirp@0.5.0 /Users/matsui/.npm/bf9ae38d-mkdirp-0-5-0.lock
366 verbose url raw escape-string-regexp
367 verbose url resolving [ 'https://registry.npmjs.org/', './escape-string-regexp' ]
368 verbose url resolved https://registry.npmjs.org/escape-string-regexp
369 info trying registry request attempt 1 at 12:32:02
370 http GET https://registry.npmjs.org/escape-string-regexp
371 verbose url raw diff
372 verbose url resolving [ 'https://registry.npmjs.org/', './diff' ]
373 verbose url resolved https://registry.npmjs.org/diff
374 info trying registry request attempt 1 at 12:32:02
375 http GET https://registry.npmjs.org/diff
376 verbose url raw growl
377 verbose url resolving [ 'https://registry.npmjs.org/', './growl' ]
378 verbose url resolved https://registry.npmjs.org/growl
379 info trying registry request attempt 1 at 12:32:02
380 http GET https://registry.npmjs.org/growl
381 verbose url raw debug
382 verbose url resolving [ 'https://registry.npmjs.org/', './debug' ]
383 verbose url resolved https://registry.npmjs.org/debug
384 info trying registry request attempt 1 at 12:32:02
385 verbose etag "6PC9ACU94MMFRFIDRJZ0Y3J6A"
386 http GET https://registry.npmjs.org/debug
387 verbose url raw commander
388 verbose url resolving [ 'https://registry.npmjs.org/', './commander' ]
389 verbose url resolved https://registry.npmjs.org/commander
390 info trying registry request attempt 1 at 12:32:02
391 verbose etag "6P6NVCVWXETIN7NDOQ9BWSI78"
392 http GET https://registry.npmjs.org/commander
393 verbose url raw mkdirp
394 verbose url resolving [ 'https://registry.npmjs.org/', './mkdirp' ]
395 verbose url resolved https://registry.npmjs.org/mkdirp
396 info trying registry request attempt 1 at 12:32:02
397 verbose etag "7FO8OVWPUQMRGI9KTI3CVPT7H"
398 http GET https://registry.npmjs.org/mkdirp
399 verbose url raw jade
400 verbose url resolving [ 'https://registry.npmjs.org/', './jade' ]
401 verbose url resolved https://registry.npmjs.org/jade
402 info trying registry request attempt 1 at 12:32:02
403 verbose etag "DB7BHYNTWMOUZ6PGZPMVYJPTS"
404 http GET https://registry.npmjs.org/jade
405 verbose url raw glob
406 verbose url resolving [ 'https://registry.npmjs.org/', './glob' ]
407 verbose url resolved https://registry.npmjs.org/glob
408 info trying registry request attempt 1 at 12:32:02
409 verbose etag "9XEXU4N49YFJ2TAAQL2L0W9K0"
410 http GET https://registry.npmjs.org/glob
411 http 200 https://registry.npmjs.org/escape-string-regexp
412 silly registry.get cb [ 200,
412 silly registry.get   { date: 'Fri, 30 Jan 2015 03:32:03 GMT',
412 silly registry.get     server: 'CouchDB/1.5.0 (Erlang OTP/R16B03)',
412 silly registry.get     etag: '"9TK1C49JBVBQ0L9G9A2050LIB"',
412 silly registry.get     'content-type': 'application/json',
412 silly registry.get     'cache-control': 'max-age=60',
412 silly registry.get     'content-length': '5248',
412 silly registry.get     'accept-ranges': 'bytes',
412 silly registry.get     via: '1.1 varnish',
412 silly registry.get     age: '14',
412 silly registry.get     'x-served-by': 'cache-ty68-TYO',
412 silly registry.get     'x-cache': 'HIT',
412 silly registry.get     'x-cache-hits': '2',
412 silly registry.get     'x-timer': 'S1422588723.103348,VS0,VE0',
412 silly registry.get     vary: 'Accept',
412 silly registry.get     'keep-alive': 'timeout=10, max=50',
412 silly registry.get     connection: 'Keep-Alive' } ]
413 silly lockFile 49eddbbb-p-escape-string-regexp-1-0-2-tgz https://registry.npmjs.org/escape-string-regexp/-/escape-string-regexp-1.0.2.tgz
414 verbose lock https://registry.npmjs.org/escape-string-regexp/-/escape-string-regexp-1.0.2.tgz /Users/matsui/.npm/49eddbbb-p-escape-string-regexp-1-0-2-tgz.lock
415 verbose addRemoteTarball [ 'https://registry.npmjs.org/escape-string-regexp/-/escape-string-regexp-1.0.2.tgz',
415 verbose addRemoteTarball   '4dbc2fe674e71949caf3fb2695ce7f2dc1d9a8d1' ]
416 info retry fetch attempt 1 at 12:32:02
417 verbose fetch to= /var/folders/9t/v1fv12ld347cdrhm9mbg0jxr0000gn/T/npm-38305-pHBmChS7/1422588722576-0.12241050228476524/tmp.tgz
418 http GET https://registry.npmjs.org/escape-string-regexp/-/escape-string-regexp-1.0.2.tgz
419 http 200 https://registry.npmjs.org/diff
420 silly registry.get cb [ 200,
420 silly registry.get   { date: 'Fri, 30 Jan 2015 03:32:03 GMT',
420 silly registry.get     server: 'CouchDB/1.5.0 (Erlang OTP/R16B03)',
420 silly registry.get     etag: '"6CL60N1Z05HBJCE4UBG8XX0VR"',
420 silly registry.get     'content-type': 'application/json',
420 silly registry.get     'cache-control': 'max-age=60',
420 silly registry.get     'content-length': '20479',
420 silly registry.get     'accept-ranges': 'bytes',
420 silly registry.get     via: '1.1 varnish',
420 silly registry.get     age: '50',
420 silly registry.get     'x-served-by': 'cache-ty66-TYO',
420 silly registry.get     'x-cache': 'HIT',
420 silly registry.get     'x-cache-hits': '9',
420 silly registry.get     'x-timer': 'S1422588723.121862,VS0,VE0',
420 silly registry.get     vary: 'Accept',
420 silly registry.get     'keep-alive': 'timeout=10, max=50',
420 silly registry.get     connection: 'Keep-Alive' } ]
421 http 200 https://registry.npmjs.org/growl
422 silly registry.get cb [ 200,
422 silly registry.get   { date: 'Fri, 30 Jan 2015 03:32:03 GMT',
422 silly registry.get     server: 'CouchDB/1.5.0 (Erlang OTP/R16B03)',
422 silly registry.get     etag: '"1H8SX6EU3PQV28AA9R7QCGWQ0"',
422 silly registry.get     'content-type': 'application/json',
422 silly registry.get     'cache-control': 'max-age=60',
422 silly registry.get     'content-length': '14435',
422 silly registry.get     'accept-ranges': 'bytes',
422 silly registry.get     via: '1.1 varnish',
422 silly registry.get     age: '40',
422 silly registry.get     'x-served-by': 'cache-ty67-TYO',
422 silly registry.get     'x-cache': 'HIT',
422 silly registry.get     'x-cache-hits': '3',
422 silly registry.get     'x-timer': 'S1422588723.129950,VS0,VE0',
422 silly registry.get     vary: 'Accept',
422 silly registry.get     'keep-alive': 'timeout=10, max=50',
422 silly registry.get     connection: 'Keep-Alive' } ]
423 http 200 https://registry.npmjs.org/mkdirp
424 silly registry.get cb [ 200,
424 silly registry.get   { date: 'Fri, 30 Jan 2015 03:32:03 GMT',
424 silly registry.get     server: 'CouchDB/1.5.0 (Erlang OTP/R16B03)',
424 silly registry.get     etag: '"41OKO2OV1O6UK1CSEEL2Q6PPV"',
424 silly registry.get     'content-type': 'application/json',
424 silly registry.get     'cache-control': 'max-age=60',
424 silly registry.get     'content-length': '21831',
424 silly registry.get     'accept-ranges': 'bytes',
424 silly registry.get     via: '1.1 varnish',
424 silly registry.get     age: '57',
424 silly registry.get     'x-served-by': 'cache-ty68-TYO',
424 silly registry.get     'x-cache': 'HIT',
424 silly registry.get     'x-cache-hits': '5',
424 silly registry.get     'x-timer': 'S1422588723.128327,VS0,VE0',
424 silly registry.get     vary: 'Accept',
424 silly registry.get     'keep-alive': 'timeout=10, max=49',
424 silly registry.get     connection: 'Keep-Alive' } ]
425 http 200 https://registry.npmjs.org/debug
426 silly registry.get cb [ 200,
426 silly registry.get   { date: 'Fri, 30 Jan 2015 03:32:03 GMT',
426 silly registry.get     server: 'CouchDB/1.5.0 (Erlang OTP/R16B03)',
426 silly registry.get     etag: '"EY3BCVNIKAUO0AZOEPAVW3EB6"',
426 silly registry.get     'content-type': 'application/json',
426 silly registry.get     'cache-control': 'max-age=60',
426 silly registry.get     'content-length': '30038',
426 silly registry.get     'accept-ranges': 'bytes',
426 silly registry.get     via: '1.1 varnish',
426 silly registry.get     age: '37',
426 silly registry.get     'x-served-by': 'cache-ty67-TYO',
426 silly registry.get     'x-cache': 'HIT',
426 silly registry.get     'x-cache-hits': '7',
426 silly registry.get     'x-timer': 'S1422588723.137496,VS0,VE0',
426 silly registry.get     vary: 'Accept',
426 silly registry.get     'keep-alive': 'timeout=10, max=50',
426 silly registry.get     connection: 'Keep-Alive' } ]
427 http 304 https://registry.npmjs.org/glob
428 silly registry.get cb [ 304,
428 silly registry.get   { date: 'Fri, 30 Jan 2015 03:32:03 GMT',
428 silly registry.get     server: 'Apache',
428 silly registry.get     via: '1.1 varnish',
428 silly registry.get     'last-modified': 'Fri, 30 Jan 2015 03:30:17 GMT',
428 silly registry.get     'cache-control': 'max-age=60',
428 silly registry.get     etag: '"9XEXU4N49YFJ2TAAQL2L0W9K0"',
428 silly registry.get     age: '41',
428 silly registry.get     'x-served-by': 'cache-ty67-TYO',
428 silly registry.get     'x-cache': 'HIT',
428 silly registry.get     'x-cache-hits': '17',
428 silly registry.get     'x-timer': 'S1422588723.160747,VS0,VE0',
428 silly registry.get     vary: 'Accept',
428 silly registry.get     'content-length': '0',
428 silly registry.get     'keep-alive': 'timeout=10, max=49',
428 silly registry.get     connection: 'Keep-Alive' } ]
429 verbose etag glob from cache
430 http 200 https://registry.npmjs.org/commander
431 silly registry.get cb [ 200,
431 silly registry.get   { date: 'Fri, 30 Jan 2015 03:32:03 GMT',
431 silly registry.get     server: 'CouchDB/1.5.0 (Erlang OTP/R16B03)',
431 silly registry.get     etag: '"BTYNJOZU6KGLVEYF4O8ECROLB"',
431 silly registry.get     'content-type': 'application/json',
431 silly registry.get     'cache-control': 'max-age=60',
431 silly registry.get     'content-length': '50503',
431 silly registry.get     'accept-ranges': 'bytes',
431 silly registry.get     via: '1.1 varnish',
431 silly registry.get     age: '26',
431 silly registry.get     'x-served-by': 'cache-ty68-TYO',
431 silly registry.get     'x-cache': 'HIT',
431 silly registry.get     'x-cache-hits': '1',
431 silly registry.get     'x-timer': 'S1422588723.133889,VS0,VE0',
431 silly registry.get     vary: 'Accept',
431 silly registry.get     'keep-alive': 'timeout=10, max=50',
431 silly registry.get     connection: 'Keep-Alive' } ]
432 silly lockFile 2d43441e--npmjs-org-growl-growl-1-8-1-tgz https://registry.npmjs.org/growl/-/growl-1.8.1.tgz
433 verbose lock https://registry.npmjs.org/growl/-/growl-1.8.1.tgz /Users/matsui/.npm/2d43441e--npmjs-org-growl-growl-1-8-1-tgz.lock
434 silly lockFile 32eccacb-ry-npmjs-org-diff-diff-1-0-8-tgz https://registry.npmjs.org/diff/-/diff-1.0.8.tgz
435 verbose lock https://registry.npmjs.org/diff/-/diff-1.0.8.tgz /Users/matsui/.npm/32eccacb-ry-npmjs-org-diff-diff-1-0-8-tgz.lock
436 verbose addRemoteTarball [ 'https://registry.npmjs.org/growl/-/growl-1.8.1.tgz',
436 verbose addRemoteTarball   '4b2dec8d907e93db336624dcec0183502f8c9428' ]
437 verbose addRemoteTarball [ 'https://registry.npmjs.org/diff/-/diff-1.0.8.tgz',
437 verbose addRemoteTarball   '343276308ec991b7bc82267ed55bc1411f971666' ]
438 silly lockFile f26a2ada-pmjs-org-mkdirp-mkdirp-0-5-0-tgz https://registry.npmjs.org/mkdirp/-/mkdirp-0.5.0.tgz
439 verbose lock https://registry.npmjs.org/mkdirp/-/mkdirp-0.5.0.tgz /Users/matsui/.npm/f26a2ada-pmjs-org-mkdirp-mkdirp-0-5-0-tgz.lock
440 info retry fetch attempt 1 at 12:32:02
441 verbose fetch to= /var/folders/9t/v1fv12ld347cdrhm9mbg0jxr0000gn/T/npm-38305-pHBmChS7/1422588722652-0.8535533451940864/tmp.tgz
442 info retry fetch attempt 1 at 12:32:02
443 verbose fetch to= /var/folders/9t/v1fv12ld347cdrhm9mbg0jxr0000gn/T/npm-38305-pHBmChS7/1422588722652-0.06308834790252149/tmp.tgz
444 silly lockFile 374910b0-rg-commander-commander-2-3-0-tgz https://registry.npmjs.org/commander/-/commander-2.3.0.tgz
445 verbose lock https://registry.npmjs.org/commander/-/commander-2.3.0.tgz /Users/matsui/.npm/374910b0-rg-commander-commander-2-3-0-tgz.lock
446 silly lockFile e2182b07--npmjs-org-debug-debug-2-0-0-tgz https://registry.npmjs.org/debug/-/debug-2.0.0.tgz
447 verbose lock https://registry.npmjs.org/debug/-/debug-2.0.0.tgz /Users/matsui/.npm/e2182b07--npmjs-org-debug-debug-2-0-0-tgz.lock
448 verbose addRemoteTarball [ 'https://registry.npmjs.org/mkdirp/-/mkdirp-0.5.0.tgz',
448 verbose addRemoteTarball   '1d73076a6df986cd9344e15e71fcc05a4c9abf12' ]
449 http GET https://registry.npmjs.org/growl/-/growl-1.8.1.tgz
450 http GET https://registry.npmjs.org/diff/-/diff-1.0.8.tgz
451 info retry fetch attempt 1 at 12:32:02
452 verbose fetch to= /var/folders/9t/v1fv12ld347cdrhm9mbg0jxr0000gn/T/npm-38305-pHBmChS7/1422588722653-0.5473164590075612/tmp.tgz
453 silly lockFile a9f6a521-ry-npmjs-org-glob-glob-3-2-3-tgz https://registry.npmjs.org/glob/-/glob-3.2.3.tgz
454 verbose lock https://registry.npmjs.org/glob/-/glob-3.2.3.tgz /Users/matsui/.npm/a9f6a521-ry-npmjs-org-glob-glob-3-2-3-tgz.lock
455 http 200 https://registry.npmjs.org/escape-string-regexp/-/escape-string-regexp-1.0.2.tgz
456 verbose addRemoteTarball [ 'https://registry.npmjs.org/debug/-/debug-2.0.0.tgz',
456 verbose addRemoteTarball   '89bd9df6732b51256bc6705342bba02ed12131ef' ]
457 verbose addRemoteTarball [ 'https://registry.npmjs.org/commander/-/commander-2.3.0.tgz',
457 verbose addRemoteTarball   'fd430e889832ec353b9acd1de217c11cb3eef873' ]
458 http GET https://registry.npmjs.org/mkdirp/-/mkdirp-0.5.0.tgz
459 info retry fetch attempt 1 at 12:32:02
460 verbose fetch to= /var/folders/9t/v1fv12ld347cdrhm9mbg0jxr0000gn/T/npm-38305-pHBmChS7/1422588722655-0.08514302805997431/tmp.tgz
461 info retry fetch attempt 1 at 12:32:02
462 verbose fetch to= /var/folders/9t/v1fv12ld347cdrhm9mbg0jxr0000gn/T/npm-38305-pHBmChS7/1422588722655-0.6745084493886679/tmp.tgz
463 verbose addRemoteTarball [ 'https://registry.npmjs.org/glob/-/glob-3.2.3.tgz',
463 verbose addRemoteTarball   'e313eeb249c7affaa5c475286b0e115b59839467' ]
464 info retry fetch attempt 1 at 12:32:02
465 verbose fetch to= /var/folders/9t/v1fv12ld347cdrhm9mbg0jxr0000gn/T/npm-38305-pHBmChS7/1422588722662-0.18871168582700193/tmp.tgz
466 http GET https://registry.npmjs.org/debug/-/debug-2.0.0.tgz
467 http GET https://registry.npmjs.org/commander/-/commander-2.3.0.tgz
468 verbose tar unpack /var/folders/9t/v1fv12ld347cdrhm9mbg0jxr0000gn/T/npm-38305-pHBmChS7/1422588722576-0.12241050228476524/tmp.tgz
469 silly lockFile e80c936a-cape-string-regexp-1-0-2-package tar:///Users/matsui/.npm/escape-string-regexp/1.0.2/package
470 verbose lock tar:///Users/matsui/.npm/escape-string-regexp/1.0.2/package /Users/matsui/.npm/e80c936a-cape-string-regexp-1-0-2-package.lock
471 silly lockFile 10a50f8b-2576-0-12241050228476524-tmp-tgz tar:///var/folders/9t/v1fv12ld347cdrhm9mbg0jxr0000gn/T/npm-38305-pHBmChS7/1422588722576-0.12241050228476524/tmp.tgz
472 verbose lock tar:///var/folders/9t/v1fv12ld347cdrhm9mbg0jxr0000gn/T/npm-38305-pHBmChS7/1422588722576-0.12241050228476524/tmp.tgz /Users/matsui/.npm/10a50f8b-2576-0-12241050228476524-tmp-tgz.lock
473 http GET https://registry.npmjs.org/glob/-/glob-3.2.3.tgz
474 silly gunzTarPerm modes [ '755', '644' ]
475 silly gunzTarPerm extractEntry package.json
476 silly gunzTarPerm extractEntry index.js
477 silly gunzTarPerm extractEntry readme.md
478 silly lockFile e80c936a-cape-string-regexp-1-0-2-package tar:///Users/matsui/.npm/escape-string-regexp/1.0.2/package
479 silly lockFile e80c936a-cape-string-regexp-1-0-2-package tar:///Users/matsui/.npm/escape-string-regexp/1.0.2/package
480 silly lockFile 10a50f8b-2576-0-12241050228476524-tmp-tgz tar:///var/folders/9t/v1fv12ld347cdrhm9mbg0jxr0000gn/T/npm-38305-pHBmChS7/1422588722576-0.12241050228476524/tmp.tgz
481 silly lockFile 10a50f8b-2576-0-12241050228476524-tmp-tgz tar:///var/folders/9t/v1fv12ld347cdrhm9mbg0jxr0000gn/T/npm-38305-pHBmChS7/1422588722576-0.12241050228476524/tmp.tgz
482 silly lockFile 49eddbbb-p-escape-string-regexp-1-0-2-tgz https://registry.npmjs.org/escape-string-regexp/-/escape-string-regexp-1.0.2.tgz
483 silly lockFile 49eddbbb-p-escape-string-regexp-1-0-2-tgz https://registry.npmjs.org/escape-string-regexp/-/escape-string-regexp-1.0.2.tgz
484 silly lockFile 963ee3e8-escape-string-regexp-1-0-2 escape-string-regexp@1.0.2
485 silly lockFile 963ee3e8-escape-string-regexp-1-0-2 escape-string-regexp@1.0.2
486 http 200 https://registry.npmjs.org/jade
487 silly registry.get cb [ 200,
487 silly registry.get   { date: 'Fri, 30 Jan 2015 03:32:03 GMT',
487 silly registry.get     server: 'CouchDB/1.5.0 (Erlang OTP/R16B03)',
487 silly registry.get     etag: '"EYLI8PSUJDMKFFQPW00S1ST0X"',
487 silly registry.get     'content-type': 'application/json',
487 silly registry.get     'cache-control': 'max-age=60',
487 silly registry.get     'content-length': '139269',
487 silly registry.get     'accept-ranges': 'bytes',
487 silly registry.get     via: '1.1 varnish',
487 silly registry.get     age: '0',
487 silly registry.get     'x-served-by': 'cache-ty66-TYO',
487 silly registry.get     'x-cache': 'HIT',
487 silly registry.get     'x-cache-hits': '1',
487 silly registry.get     'x-timer': 'S1422588723.148854,VS0,VE118',
487 silly registry.get     vary: 'Accept',
487 silly registry.get     'keep-alive': 'timeout=10, max=49',
487 silly registry.get     connection: 'Keep-Alive' } ]
488 http 200 https://registry.npmjs.org/mkdirp/-/mkdirp-0.5.0.tgz
489 http 200 https://registry.npmjs.org/diff/-/diff-1.0.8.tgz
490 http 200 https://registry.npmjs.org/growl/-/growl-1.8.1.tgz
491 http 200 https://registry.npmjs.org/glob/-/glob-3.2.3.tgz
492 verbose tar unpack /var/folders/9t/v1fv12ld347cdrhm9mbg0jxr0000gn/T/npm-38305-pHBmChS7/1422588722652-0.06308834790252149/tmp.tgz
493 silly lockFile e5aecff6-rs-matsui-npm-diff-1-0-8-package tar:///Users/matsui/.npm/diff/1.0.8/package
494 verbose lock tar:///Users/matsui/.npm/diff/1.0.8/package /Users/matsui/.npm/e5aecff6-rs-matsui-npm-diff-1-0-8-package.lock
495 silly lockFile 36d73e23-2652-0-06308834790252149-tmp-tgz tar:///var/folders/9t/v1fv12ld347cdrhm9mbg0jxr0000gn/T/npm-38305-pHBmChS7/1422588722652-0.06308834790252149/tmp.tgz
496 verbose lock tar:///var/folders/9t/v1fv12ld347cdrhm9mbg0jxr0000gn/T/npm-38305-pHBmChS7/1422588722652-0.06308834790252149/tmp.tgz /Users/matsui/.npm/36d73e23-2652-0-06308834790252149-tmp-tgz.lock
497 verbose tar unpack /var/folders/9t/v1fv12ld347cdrhm9mbg0jxr0000gn/T/npm-38305-pHBmChS7/1422588722653-0.5473164590075612/tmp.tgz
498 silly lockFile 7eb08862--matsui-npm-mkdirp-0-5-0-package tar:///Users/matsui/.npm/mkdirp/0.5.0/package
499 verbose lock tar:///Users/matsui/.npm/mkdirp/0.5.0/package /Users/matsui/.npm/7eb08862--matsui-npm-mkdirp-0-5-0-package.lock
500 silly lockFile f20fbd5a-22653-0-5473164590075612-tmp-tgz tar:///var/folders/9t/v1fv12ld347cdrhm9mbg0jxr0000gn/T/npm-38305-pHBmChS7/1422588722653-0.5473164590075612/tmp.tgz
501 verbose lock tar:///var/folders/9t/v1fv12ld347cdrhm9mbg0jxr0000gn/T/npm-38305-pHBmChS7/1422588722653-0.5473164590075612/tmp.tgz /Users/matsui/.npm/f20fbd5a-22653-0-5473164590075612-tmp-tgz.lock
502 verbose tar unpack /var/folders/9t/v1fv12ld347cdrhm9mbg0jxr0000gn/T/npm-38305-pHBmChS7/1422588722652-0.8535533451940864/tmp.tgz
503 silly lockFile addd94da-s-matsui-npm-growl-1-8-1-package tar:///Users/matsui/.npm/growl/1.8.1/package
504 verbose lock tar:///Users/matsui/.npm/growl/1.8.1/package /Users/matsui/.npm/addd94da-s-matsui-npm-growl-1-8-1-package.lock
505 silly lockFile aff601e3-22652-0-8535533451940864-tmp-tgz tar:///var/folders/9t/v1fv12ld347cdrhm9mbg0jxr0000gn/T/npm-38305-pHBmChS7/1422588722652-0.8535533451940864/tmp.tgz
506 verbose lock tar:///var/folders/9t/v1fv12ld347cdrhm9mbg0jxr0000gn/T/npm-38305-pHBmChS7/1422588722652-0.8535533451940864/tmp.tgz /Users/matsui/.npm/aff601e3-22652-0-8535533451940864-tmp-tgz.lock
507 http 200 https://registry.npmjs.org/debug/-/debug-2.0.0.tgz
508 http 200 https://registry.npmjs.org/commander/-/commander-2.3.0.tgz
509 silly gunzTarPerm modes [ '755', '644' ]
510 verbose tar unpack /var/folders/9t/v1fv12ld347cdrhm9mbg0jxr0000gn/T/npm-38305-pHBmChS7/1422588722655-0.6745084493886679/tmp.tgz
511 silly lockFile b9fd2668-tsui-npm-commander-2-3-0-package tar:///Users/matsui/.npm/commander/2.3.0/package
512 verbose lock tar:///Users/matsui/.npm/commander/2.3.0/package /Users/matsui/.npm/b9fd2668-tsui-npm-commander-2-3-0-package.lock
513 silly lockFile 83aa67de-22655-0-6745084493886679-tmp-tgz tar:///var/folders/9t/v1fv12ld347cdrhm9mbg0jxr0000gn/T/npm-38305-pHBmChS7/1422588722655-0.6745084493886679/tmp.tgz
514 verbose lock tar:///var/folders/9t/v1fv12ld347cdrhm9mbg0jxr0000gn/T/npm-38305-pHBmChS7/1422588722655-0.6745084493886679/tmp.tgz /Users/matsui/.npm/83aa67de-22655-0-6745084493886679-tmp-tgz.lock
515 silly gunzTarPerm modes [ '755', '644' ]
516 verbose tar unpack /var/folders/9t/v1fv12ld347cdrhm9mbg0jxr0000gn/T/npm-38305-pHBmChS7/1422588722662-0.18871168582700193/tmp.tgz
517 silly lockFile 644b7556-rs-matsui-npm-glob-3-2-3-package tar:///Users/matsui/.npm/glob/3.2.3/package
518 verbose lock tar:///Users/matsui/.npm/glob/3.2.3/package /Users/matsui/.npm/644b7556-rs-matsui-npm-glob-3-2-3-package.lock
519 silly lockFile cdb4a967-2662-0-18871168582700193-tmp-tgz tar:///var/folders/9t/v1fv12ld347cdrhm9mbg0jxr0000gn/T/npm-38305-pHBmChS7/1422588722662-0.18871168582700193/tmp.tgz
520 verbose lock tar:///var/folders/9t/v1fv12ld347cdrhm9mbg0jxr0000gn/T/npm-38305-pHBmChS7/1422588722662-0.18871168582700193/tmp.tgz /Users/matsui/.npm/cdb4a967-2662-0-18871168582700193-tmp-tgz.lock
521 silly lockFile 44268bc8-y-npmjs-org-jade-jade-0-26-3-tgz https://registry.npmjs.org/jade/-/jade-0.26.3.tgz
522 verbose lock https://registry.npmjs.org/jade/-/jade-0.26.3.tgz /Users/matsui/.npm/44268bc8-y-npmjs-org-jade-jade-0-26-3-tgz.lock
523 silly gunzTarPerm extractEntry package.json
524 verbose tar unpack /var/folders/9t/v1fv12ld347cdrhm9mbg0jxr0000gn/T/npm-38305-pHBmChS7/1422588722655-0.08514302805997431/tmp.tgz
525 silly lockFile 5ae37875-s-matsui-npm-debug-2-0-0-package tar:///Users/matsui/.npm/debug/2.0.0/package
526 verbose lock tar:///Users/matsui/.npm/debug/2.0.0/package /Users/matsui/.npm/5ae37875-s-matsui-npm-debug-2-0-0-package.lock
527 silly lockFile 7998a2f5-2655-0-08514302805997431-tmp-tgz tar:///var/folders/9t/v1fv12ld347cdrhm9mbg0jxr0000gn/T/npm-38305-pHBmChS7/1422588722655-0.08514302805997431/tmp.tgz
528 verbose lock tar:///var/folders/9t/v1fv12ld347cdrhm9mbg0jxr0000gn/T/npm-38305-pHBmChS7/1422588722655-0.08514302805997431/tmp.tgz /Users/matsui/.npm/7998a2f5-2655-0-08514302805997431-tmp-tgz.lock
529 verbose addRemoteTarball [ 'https://registry.npmjs.org/jade/-/jade-0.26.3.tgz',
529 verbose addRemoteTarball   '8f10d7977d8d79f2f6ff862a81b0513ccb25686c' ]
530 silly gunzTarPerm modes [ '755', '644' ]
531 silly gunzTarPerm modes [ '755', '644' ]
532 silly gunzTarPerm modes [ '755', '644' ]
533 silly gunzTarPerm extractEntry package.json
534 silly gunzTarPerm extractEntry README.md
535 silly gunzTarPerm extractEntry diff.js
536 info retry fetch attempt 1 at 12:32:02
537 verbose fetch to= /var/folders/9t/v1fv12ld347cdrhm9mbg0jxr0000gn/T/npm-38305-pHBmChS7/1422588722900-0.8201161418110132/tmp.tgz
538 http GET https://registry.npmjs.org/jade/-/jade-0.26.3.tgz
539 silly gunzTarPerm extractEntry package.json
540 silly gunzTarPerm modes [ '755', '644' ]
541 silly gunzTarPerm extractEntry package.json
542 silly gunzTarPerm extractEntry test.js
543 silly gunzTarPerm extractEntry History.md
544 silly gunzTarPerm extractEntry package.json
545 silly gunzTarPerm extractEntry index.js
546 silly gunzTarPerm extractEntry Readme.md
547 silly gunzTarPerm extractEntry .npmignore
548 silly gunzTarPerm extractEntry README.md
549 silly gunzTarPerm extractEntry .npmignore
550 silly gunzTarPerm extractEntry browser.js
551 silly gunzTarPerm extractEntry package.json
552 silly gunzTarPerm extractEntry Readme.md
553 silly gunzTarPerm extractEntry lib/growl.js
554 silly gunzTarPerm extractEntry .npmignore
555 silly gunzTarPerm extractEntry LICENSE
556 silly gunzTarPerm extractEntry debug.js
557 silly gunzTarPerm extractEntry node.js
558 silly gunzTarPerm extractEntry LICENSE
559 silly gunzTarPerm extractEntry glob.js
560 silly gunzTarPerm extractEntry index.js
561 silly gunzTarPerm extractEntry .travis.yml
562 silly gunzTarPerm extractEntry .travis.yml
563 silly gunzTarPerm extractEntry Readme.md
564 silly gunzTarPerm extractEntry .jshintrc
565 silly gunzTarPerm extractEntry History.md
566 silly gunzTarPerm extractEntry Makefile
567 silly gunzTarPerm extractEntry component.json
568 silly gunzTarPerm extractEntry bin/cmd.js
569 silly gunzTarPerm extractEntry bin/usage.txt
570 silly gunzTarPerm extractEntry examples/pow.js
571 silly gunzTarPerm extractEntry readme.markdown
572 silly gunzTarPerm extractEntry examples/g.js
573 silly gunzTarPerm extractEntry examples/usr-local.js
574 silly gunzTarPerm extractEntry test/chmod.js
575 silly gunzTarPerm extractEntry test/opts_fs_sync.js
576 silly gunzTarPerm extractEntry test/perm.js
577 silly gunzTarPerm extractEntry test/perm_sync.js
578 silly gunzTarPerm extractEntry test/opts_fs.js
579 silly gunzTarPerm extractEntry test/rel.js
580 silly gunzTarPerm extractEntry test/return.js
581 silly gunzTarPerm extractEntry test/return_sync.js
582 silly gunzTarPerm extractEntry test/root.js
583 silly gunzTarPerm extractEntry test/sync.js
584 silly gunzTarPerm extractEntry test/mkdirp.js
585 silly gunzTarPerm extractEntry test/umask.js
586 silly gunzTarPerm extractEntry test/clobber.js
587 silly gunzTarPerm extractEntry test/umask_sync.js
588 silly gunzTarPerm extractEntry test/race.js
589 silly gunzTarPerm extractEntry test/00-setup.js
590 silly gunzTarPerm extractEntry test/stat.js
591 silly lockFile e5aecff6-rs-matsui-npm-diff-1-0-8-package tar:///Users/matsui/.npm/diff/1.0.8/package
592 silly lockFile e5aecff6-rs-matsui-npm-diff-1-0-8-package tar:///Users/matsui/.npm/diff/1.0.8/package
593 silly lockFile 36d73e23-2652-0-06308834790252149-tmp-tgz tar:///var/folders/9t/v1fv12ld347cdrhm9mbg0jxr0000gn/T/npm-38305-pHBmChS7/1422588722652-0.06308834790252149/tmp.tgz
594 silly lockFile 36d73e23-2652-0-06308834790252149-tmp-tgz tar:///var/folders/9t/v1fv12ld347cdrhm9mbg0jxr0000gn/T/npm-38305-pHBmChS7/1422588722652-0.06308834790252149/tmp.tgz
595 silly lockFile 32eccacb-ry-npmjs-org-diff-diff-1-0-8-tgz https://registry.npmjs.org/diff/-/diff-1.0.8.tgz
596 silly lockFile 32eccacb-ry-npmjs-org-diff-diff-1-0-8-tgz https://registry.npmjs.org/diff/-/diff-1.0.8.tgz
597 silly lockFile 2c973233-diff-1-0-8 diff@1.0.8
598 silly lockFile 2c973233-diff-1-0-8 diff@1.0.8
599 silly lockFile addd94da-s-matsui-npm-growl-1-8-1-package tar:///Users/matsui/.npm/growl/1.8.1/package
600 silly lockFile addd94da-s-matsui-npm-growl-1-8-1-package tar:///Users/matsui/.npm/growl/1.8.1/package
601 silly lockFile aff601e3-22652-0-8535533451940864-tmp-tgz tar:///var/folders/9t/v1fv12ld347cdrhm9mbg0jxr0000gn/T/npm-38305-pHBmChS7/1422588722652-0.8535533451940864/tmp.tgz
602 silly lockFile aff601e3-22652-0-8535533451940864-tmp-tgz tar:///var/folders/9t/v1fv12ld347cdrhm9mbg0jxr0000gn/T/npm-38305-pHBmChS7/1422588722652-0.8535533451940864/tmp.tgz
603 http 200 https://registry.npmjs.org/jade/-/jade-0.26.3.tgz
604 silly lockFile 2d43441e--npmjs-org-growl-growl-1-8-1-tgz https://registry.npmjs.org/growl/-/growl-1.8.1.tgz
605 silly lockFile 2d43441e--npmjs-org-growl-growl-1-8-1-tgz https://registry.npmjs.org/growl/-/growl-1.8.1.tgz
606 silly lockFile 76096383-growl-1-8-1 growl@1.8.1
607 silly lockFile 76096383-growl-1-8-1 growl@1.8.1
608 silly lockFile b9fd2668-tsui-npm-commander-2-3-0-package tar:///Users/matsui/.npm/commander/2.3.0/package
609 silly lockFile b9fd2668-tsui-npm-commander-2-3-0-package tar:///Users/matsui/.npm/commander/2.3.0/package
610 silly lockFile 83aa67de-22655-0-6745084493886679-tmp-tgz tar:///var/folders/9t/v1fv12ld347cdrhm9mbg0jxr0000gn/T/npm-38305-pHBmChS7/1422588722655-0.6745084493886679/tmp.tgz
611 silly lockFile 83aa67de-22655-0-6745084493886679-tmp-tgz tar:///var/folders/9t/v1fv12ld347cdrhm9mbg0jxr0000gn/T/npm-38305-pHBmChS7/1422588722655-0.6745084493886679/tmp.tgz
612 silly lockFile 374910b0-rg-commander-commander-2-3-0-tgz https://registry.npmjs.org/commander/-/commander-2.3.0.tgz
613 silly lockFile 374910b0-rg-commander-commander-2-3-0-tgz https://registry.npmjs.org/commander/-/commander-2.3.0.tgz
614 silly lockFile 14f83df2-commander-2-3-0 commander@2.3.0
615 silly lockFile 14f83df2-commander-2-3-0 commander@2.3.0
616 silly gunzTarPerm extractEntry test/cwd-test.js
617 silly gunzTarPerm extractEntry test/globstar-match.js
618 silly gunzTarPerm extractEntry test/mark.js
619 silly gunzTarPerm extractEntry test/bash-comparison.js
620 silly gunzTarPerm extractEntry test/pause-resume.js
621 silly gunzTarPerm extractEntry test/root-nomount.js
622 silly gunzTarPerm extractEntry test/root.js
623 silly gunzTarPerm extractEntry test/zz-cleanup.js
624 silly lockFile 5ae37875-s-matsui-npm-debug-2-0-0-package tar:///Users/matsui/.npm/debug/2.0.0/package
625 silly lockFile 5ae37875-s-matsui-npm-debug-2-0-0-package tar:///Users/matsui/.npm/debug/2.0.0/package
626 silly lockFile 7998a2f5-2655-0-08514302805997431-tmp-tgz tar:///var/folders/9t/v1fv12ld347cdrhm9mbg0jxr0000gn/T/npm-38305-pHBmChS7/1422588722655-0.08514302805997431/tmp.tgz
627 silly lockFile 7998a2f5-2655-0-08514302805997431-tmp-tgz tar:///var/folders/9t/v1fv12ld347cdrhm9mbg0jxr0000gn/T/npm-38305-pHBmChS7/1422588722655-0.08514302805997431/tmp.tgz
628 silly lockFile e2182b07--npmjs-org-debug-debug-2-0-0-tgz https://registry.npmjs.org/debug/-/debug-2.0.0.tgz
629 silly lockFile e2182b07--npmjs-org-debug-debug-2-0-0-tgz https://registry.npmjs.org/debug/-/debug-2.0.0.tgz
630 silly lockFile 095bd820-debug-2-0-0 debug@2.0.0
631 silly lockFile 095bd820-debug-2-0-0 debug@2.0.0
632 silly gunzTarPerm extractEntry test/nocase-nomagic.js
633 silly gunzTarPerm extractEntry test/bash-results.json
634 verbose tar unpack /var/folders/9t/v1fv12ld347cdrhm9mbg0jxr0000gn/T/npm-38305-pHBmChS7/1422588722900-0.8201161418110132/tmp.tgz
635 silly lockFile e0ec8810-s-matsui-npm-jade-0-26-3-package tar:///Users/matsui/.npm/jade/0.26.3/package
636 verbose lock tar:///Users/matsui/.npm/jade/0.26.3/package /Users/matsui/.npm/e0ec8810-s-matsui-npm-jade-0-26-3-package.lock
637 silly lockFile cc4c76c6-22900-0-8201161418110132-tmp-tgz tar:///var/folders/9t/v1fv12ld347cdrhm9mbg0jxr0000gn/T/npm-38305-pHBmChS7/1422588722900-0.8201161418110132/tmp.tgz
638 verbose lock tar:///var/folders/9t/v1fv12ld347cdrhm9mbg0jxr0000gn/T/npm-38305-pHBmChS7/1422588722900-0.8201161418110132/tmp.tgz /Users/matsui/.npm/cc4c76c6-22900-0-8201161418110132-tmp-tgz.lock
639 silly gunzTarPerm modes [ '755', '644' ]
640 silly gunzTarPerm extractEntry package.json
641 silly gunzTarPerm extractEntry .npmignore
642 silly gunzTarPerm extractEntry LICENSE
643 silly gunzTarPerm extractEntry index.js
644 silly gunzTarPerm extractEntry jade.js
645 silly gunzTarPerm extractEntry jade.min.js
646 silly gunzTarPerm extractEntry runtime.js
647 silly gunzTarPerm extractEntry runtime.min.js
648 silly gunzTarPerm extractEntry testing/index.js
649 silly gunzTarPerm extractEntry testing/user.js
650 silly lockFile 7eb08862--matsui-npm-mkdirp-0-5-0-package tar:///Users/matsui/.npm/mkdirp/0.5.0/package
651 silly lockFile 7eb08862--matsui-npm-mkdirp-0-5-0-package tar:///Users/matsui/.npm/mkdirp/0.5.0/package
652 silly lockFile f20fbd5a-22653-0-5473164590075612-tmp-tgz tar:///var/folders/9t/v1fv12ld347cdrhm9mbg0jxr0000gn/T/npm-38305-pHBmChS7/1422588722653-0.5473164590075612/tmp.tgz
653 silly lockFile f20fbd5a-22653-0-5473164590075612-tmp-tgz tar:///var/folders/9t/v1fv12ld347cdrhm9mbg0jxr0000gn/T/npm-38305-pHBmChS7/1422588722653-0.5473164590075612/tmp.tgz
654 silly lockFile f26a2ada-pmjs-org-mkdirp-mkdirp-0-5-0-tgz https://registry.npmjs.org/mkdirp/-/mkdirp-0.5.0.tgz
655 silly lockFile f26a2ada-pmjs-org-mkdirp-mkdirp-0-5-0-tgz https://registry.npmjs.org/mkdirp/-/mkdirp-0.5.0.tgz
656 silly lockFile bf9ae38d-mkdirp-0-5-0 mkdirp@0.5.0
657 silly lockFile bf9ae38d-mkdirp-0-5-0 mkdirp@0.5.0
658 verbose about to build /usr/local/lib/node_modules/mocha
659 info /usr/local/lib/node_modules/mocha unbuild
660 info preuninstall mocha@2.1.0
661 info uninstall mocha@2.1.0
662 verbose true,/usr/local/lib/node_modules,/usr/local/lib/node_modules unbuild mocha@2.1.0
663 verbose /usr/local/bin,[object Object] binRoot
664 info postuninstall mocha@2.1.0
665 error Error: EACCES, open '/Users/matsui/.npm/mkdirp/0.5.0/package.tgz'
665 error  { [Error: EACCES, open '/Users/matsui/.npm/mkdirp/0.5.0/package.tgz']
665 error   errno: 3,
665 error   code: 'EACCES',
665 error   path: '/Users/matsui/.npm/mkdirp/0.5.0/package.tgz',
665 error   parent: 'mocha' }
666 error Please try running this command again as root/Administrator.
667 error System Darwin 14.0.0
668 error command "node" "/usr/local/bin/npm" "install" "-g" "mocha"
669 error cwd /Users/matsui/Dropbox/blackhole/fmjs
670 error node -v v0.10.26
671 error npm -v 1.4.9
672 error path /Users/matsui/.npm/mkdirp/0.5.0/package.tgz
673 error code EACCES
674 error errno 3
675 error stack Error: EACCES, open '/Users/matsui/.npm/mkdirp/0.5.0/package.tgz'
676 verbose exit [ 3, true ]
